<?xml version="1.0" encoding="UTF-8"?>
<!-- Generated by org.testng.reporters.JUnitReportReporter -->
<testsuite hostname="LAPTOP-4TAGSQNH" failures="0" tests="3" name="tests.LibraryAPI" time="3.559" errors="0" timestamp="2025-01-12T12:55:21 IST" skipped="0">
  <testcase classname="tests.LibraryAPI" name="addBook" time="3.024"/>
  <testcase classname="tests.LibraryAPI" name="getBook" time="0.280"/>
  <testcase classname="tests.LibraryAPI" name="deleteBook" time="0.255"/>
</testsuite> <!-- tests.LibraryAPI -->
