<?xml version="1.0" encoding="UTF-8"?>
<!-- Generated by org.testng.reporters.JUnitReportReporter -->
<testsuite hostname="LAPTOP-4TAGSQNH" failures="0" tests="1" name="tests.LibraryAPI" time="3.277" errors="0" timestamp="2025-01-09T11:12:37 IST" skipped="0">
  <testcase classname="tests.LibraryAPI" name="addBook" time="3.277"/>
</testsuite> <!-- tests.LibraryAPI -->
