<?xml version="1.0" encoding="UTF-8"?>
<!-- Generated by org.testng.reporters.JUnitReportReporter -->
<testsuite hostname="LAPTOP-4TAGSQNH" failures="0" tests="1" name="tests.LibraryAPI" time="2.732" errors="0" timestamp="2025-01-09T10:46:33 IST" skipped="0">
  <testcase classname="tests.LibraryAPI" name="addBook" time="2.732"/>
</testsuite> <!-- tests.LibraryAPI -->
