<?xml version="1.0" encoding="UTF-8"?>
<!-- Generated by org.testng.reporters.JUnitReportReporter -->
<testsuite hostname="LAPTOP-4TAGSQNH" failures="0" tests="2" name="tests.LibraryAPI" time="3.232" errors="0" timestamp="2025-01-09T11:33:41 IST" skipped="0">
  <testcase classname="tests.LibraryAPI" name="addBook" time="2.958"/>
  <testcase classname="tests.LibraryAPI" name="deleteBook" time="0.274"/>
</testsuite> <!-- tests.LibraryAPI -->
