<?xml version="1.0" encoding="UTF-8"?>
<!-- Generated by org.testng.reporters.JUnitReportReporter -->
<testsuite hostname="LAPTOP-4TAGSQNH" failures="0" tests="1" name="tests.AddBookTest" time="3.088" errors="0" timestamp="2025-01-09T10:19:10 IST" skipped="0">
  <testcase classname="tests.AddBookTest" name="addBook" time="3.088"/>
</testsuite> <!-- tests.AddBookTest -->
